<?xml version="1.0" encoding="UTF-8"?>
<!-- Generated by org.testng.reporters.JUnitReportReporter -->
<testsuite hostname="Chirags-MacBook-Air.local" failures="0" tests="2" name="qaclickacademy.SeleniumTest" time="0.009" errors="0" timestamp="28 Nov 2021 14:41:22 GMT" skipped="0">
  <testcase classname="qaclickacademy.SeleniumTest" name="BrowserAUtomation" time="0.008"/>
  <testcase classname="qaclickacademy.SeleniumTest" name="elementsUi" time="0.001"/>
</testsuite> <!-- qaclickacademy.SeleniumTest -->
